<?xml version="1.0" encoding="UTF-8" ?>
<testsuite errors="0" failures="1" hostname="dmanicalt" name="org.atgas.store.neo4j.StoreFactoryTest" tests="1" time="4.082" timestamp="2012-01-27T19:56:10">
  <properties>
[...]
</properties>
  <testcase classname="org.atgas.store.neo4j.StoreFactoryTest" name="testCreate" time="3.752">
    <failure message="expected:&lt;null&gt; but was:&lt;org.atgas.store.neo4j.StoreImplementation@2c189d&gt;" type="junit.framework.AssertionFailedError">junit.framework.AssertionFailedError: expected:&lt;null&gt; but was:&lt;org.atgas.store.neo4j.StoreImplementation@2c189d&gt;
	at org.atgas.store.neo4j.StoreFactoryTest.testCreate(StoreFactoryTest.java:45)
</failure>
  </testcase>
  <system-out><![CDATA[create
]]></system-out>
  <system-err><![CDATA[]]></system-err>
</testsuite>
